0 info it worked if it ends with ok
1 verbose cli [ '/usr/bin/node',
1 verbose cli   '/usr/bin/npm',
1 verbose cli   '--prefix',
1 verbose cli   '/usr/local/src/xterm.js',
1 verbose cli   'start' ]
2 info using npm@3.10.10
3 info using node@v6.12.3
4 verbose run-script [ 'prestart', 'start', 'poststart' ]
5 info lifecycle xterm@3.12.0~prestart: xterm@3.12.0
6 silly lifecycle xterm@3.12.0~prestart: no script for prestart, continuing
7 info lifecycle xterm@3.12.0~start: xterm@3.12.0
8 verbose lifecycle xterm@3.12.0~start: unsafe-perm in lifecycle true
9 verbose lifecycle xterm@3.12.0~start: PATH: /usr/lib/node_modules/npm/bin/node-gyp-bin:/usr/local/src/xterm.js/node_modules/.bin:/usr/local/sbin:/usr/local/bin:/usr/sbin:/usr/bin:/sbin:/bin
10 verbose lifecycle xterm@3.12.0~start: CWD: /usr/local/src/xterm.js
11 silly lifecycle xterm@3.12.0~start: Args: [ '-c', 'node terminalauth/start' ]
12 silly lifecycle xterm@3.12.0~start: Returned: code: 1  signal: null
13 info lifecycle xterm@3.12.0~start: Failed to exec start script
14 verbose stack Error: xterm@3.12.0 start: `node terminalauth/start`
14 verbose stack Exit status 1
14 verbose stack     at EventEmitter.<anonymous> (/usr/lib/node_modules/npm/lib/utils/lifecycle.js:255:16)
14 verbose stack     at emitTwo (events.js:106:13)
14 verbose stack     at EventEmitter.emit (events.js:191:7)
14 verbose stack     at ChildProcess.<anonymous> (/usr/lib/node_modules/npm/lib/utils/spawn.js:40:14)
14 verbose stack     at emitTwo (events.js:106:13)
14 verbose stack     at ChildProcess.emit (events.js:191:7)
14 verbose stack     at maybeClose (internal/child_process.js:920:16)
14 verbose stack     at Process.ChildProcess._handle.onexit (internal/child_process.js:230:5)
15 verbose pkgid xterm@3.12.0
16 verbose cwd /home/student
17 error Linux 4.4.0-146-generic
18 error argv "/usr/bin/node" "/usr/bin/npm" "--prefix" "/usr/local/src/xterm.js" "start"
19 error node v6.12.3
20 error npm  v3.10.10
21 error code ELIFECYCLE
22 error xterm@3.12.0 start: `node terminalauth/start`
22 error Exit status 1
23 error Failed at the xterm@3.12.0 start script 'node terminalauth/start'.
23 error Make sure you have the latest version of node.js and npm installed.
23 error If you do, this is most likely a problem with the xterm package,
23 error not with npm itself.
23 error Tell the author that this fails on your system:
23 error     node terminalauth/start
23 error You can get information on how to open an issue for this project with:
23 error     npm bugs xterm
23 error Or if that isn't available, you can get their info via:
23 error     npm owner ls xterm
23 error There is likely additional logging output above.
24 verbose exit [ 1, true ]
